This is pdfTeX, Version 3.14159265-2.6-1.40.16 (TeX Live 2015) (preloaded format=pdflatex 2015.10.18)  4 APR 2017 10:05
entering extended mode
 restricted \write18 enabled.
 file:line:error style messages enabled.
 %&-line parsing enabled.
**TP1_heidsieck_laurent.tex
(./TP1_heidsieck_laurent.tex
LaTeX2e <2015/01/01>
Babel <3.9l> and hyphenation patterns for 79 languages loaded.
(/usr/local/texlive/2015/texmf-dist/tex/latex/base/report.cls
Document Class: report 2014/09/29 v1.4h Standard LaTeX document class
(/usr/local/texlive/2015/texmf-dist/tex/latex/base/size12.clo
File: size12.clo 2014/09/29 v1.4h Standard LaTeX file (size option)
)
\c@part=\count79
\c@chapter=\count80
\c@section=\count81
\c@subsection=\count82
\c@subsubsection=\count83
\c@paragraph=\count84
\c@subparagraph=\count85
\c@figure=\count86
\c@table=\count87
\abovecaptionskip=\skip41
\belowcaptionskip=\skip42
\bibindent=\dimen102
)
(/usr/local/texlive/2015/texmf-dist/tex/generic/babel/babel.sty
Package: babel 2014/09/25 3.9l The Babel package

(/usr/local/texlive/2015/texmf-dist/tex/generic/babel-french/frenchb.ldf
Language: frenchb 2015/04/10 v3.1e French support from the babel system

(/usr/local/texlive/2015/texmf-dist/tex/generic/babel/babel.def
File: babel.def 2014/09/25 3.9l Babel common definitions
\babel@savecnt=\count88
\U@D=\dimen103
)
\l@acadian = a dialect from \language\l@french 
\l@canadien = a dialect from \language\l@french 
\FBcolonskip=\skip43
\FBthinskip=\skip44
\FB@interchartokenstateORI=\count89
Package babel Info: Making : an active character on input line 371.
Package babel Info: Making ; an active character on input line 372.
Package babel Info: Making ! an active character on input line 373.
Package babel Info: Making ? an active character on input line 374.
\FBguillskip=\skip45
\FBguill@level=\count90
\FB@Mht=\dimen104
\std@mcc=\count91
\dec@mcc=\count92
\listindentFB=\skip46
\labelwidthFB=\skip47
\leftmarginFB=\skip48
\parindentFFN=\dimen105
))
(/usr/local/texlive/2015/texmf-dist/tex/latex/carlisle/scalefnt.sty)
(/usr/local/texlive/2015/texmf-dist/tex/latex/graphics/keyval.sty
Package: keyval 2014/10/28 v1.15 key=value parser (DPC)
\KV@toks@=\toks14
)
(/usr/local/texlive/2015/texmf-dist/tex/latex/base/inputenc.sty
Package: inputenc 2015/03/17 v1.2c Input encoding file
\inpenc@prehook=\toks15
\inpenc@posthook=\toks16

(/usr/local/texlive/2015/texmf-dist/tex/latex/base/utf8.def
File: utf8.def 2014/09/29 v1.1m UTF-8 support for inputenc
Now handling font encoding OML ...
... no UTF-8 mapping file for font encoding OML
Now handling font encoding T1 ...
... processing UTF-8 mapping file for font encoding T1

(/usr/local/texlive/2015/texmf-dist/tex/latex/base/t1enc.dfu
File: t1enc.dfu 2014/09/29 v1.1m UTF-8 support for inputenc
   defining Unicode char U+00A1 (decimal 161)
   defining Unicode char U+00A3 (decimal 163)
   defining Unicode char U+00AB (decimal 171)
   defining Unicode char U+00BB (decimal 187)
   defining Unicode char U+00BF (decimal 191)
   defining Unicode char U+00C0 (decimal 192)
   defining Unicode char U+00C1 (decimal 193)
   defining Unicode char U+00C2 (decimal 194)
   defining Unicode char U+00C3 (decimal 195)
   defining Unicode char U+00C4 (decimal 196)
   defining Unicode char U+00C5 (decimal 197)
   defining Unicode char U+00C6 (decimal 198)
   defining Unicode char U+00C7 (decimal 199)
   defining Unicode char U+00C8 (decimal 200)
   defining Unicode char U+00C9 (decimal 201)
   defining Unicode char U+00CA (decimal 202)
   defining Unicode char U+00CB (decimal 203)
   defining Unicode char U+00CC (decimal 204)
   defining Unicode char U+00CD (decimal 205)
   defining Unicode char U+00CE (decimal 206)
   defining Unicode char U+00CF (decimal 207)
   defining Unicode char U+00D0 (decimal 208)
   defining Unicode char U+00D1 (decimal 209)
   defining Unicode char U+00D2 (decimal 210)
   defining Unicode char U+00D3 (decimal 211)
   defining Unicode char U+00D4 (decimal 212)
   defining Unicode char U+00D5 (decimal 213)
   defining Unicode char U+00D6 (decimal 214)
   defining Unicode char U+00D8 (decimal 216)
   defining Unicode char U+00D9 (decimal 217)
   defining Unicode char U+00DA (decimal 218)
   defining Unicode char U+00DB (decimal 219)
   defining Unicode char U+00DC (decimal 220)
   defining Unicode char U+00DD (decimal 221)
   defining Unicode char U+00DE (decimal 222)
   defining Unicode char U+00DF (decimal 223)
   defining Unicode char U+00E0 (decimal 224)
   defining Unicode char U+00E1 (decimal 225)
   defining Unicode char U+00E2 (decimal 226)
   defining Unicode char U+00E3 (decimal 227)
   defining Unicode char U+00E4 (decimal 228)
   defining Unicode char U+00E5 (decimal 229)
   defining Unicode char U+00E6 (decimal 230)
   defining Unicode char U+00E7 (decimal 231)
   defining Unicode char U+00E8 (decimal 232)
   defining Unicode char U+00E9 (decimal 233)
   defining Unicode char U+00EA (decimal 234)
   defining Unicode char U+00EB (decimal 235)
   defining Unicode char U+00EC (decimal 236)
   defining Unicode char U+00ED (decimal 237)
   defining Unicode char U+00EE (decimal 238)
   defining Unicode char U+00EF (decimal 239)
   defining Unicode char U+00F0 (decimal 240)
   defining Unicode char U+00F1 (decimal 241)
   defining Unicode char U+00F2 (decimal 242)
   defining Unicode char U+00F3 (decimal 243)
   defining Unicode char U+00F4 (decimal 244)
   defining Unicode char U+00F5 (decimal 245)
   defining Unicode char U+00F6 (decimal 246)
   defining Unicode char U+00F8 (decimal 248)
   defining Unicode char U+00F9 (decimal 249)
   defining Unicode char U+00FA (decimal 250)
   defining Unicode char U+00FB (decimal 251)
   defining Unicode char U+00FC (decimal 252)
   defining Unicode char U+00FD (decimal 253)
   defining Unicode char U+00FE (decimal 254)
   defining Unicode char U+00FF (decimal 255)
   defining Unicode char U+0102 (decimal 258)
   defining Unicode char U+0103 (decimal 259)
   defining Unicode char U+0104 (decimal 260)
   defining Unicode char U+0105 (decimal 261)
   defining Unicode char U+0106 (decimal 262)
   defining Unicode char U+0107 (decimal 263)
   defining Unicode char U+010C (decimal 268)
   defining Unicode char U+010D (decimal 269)
   defining Unicode char U+010E (decimal 270)
   defining Unicode char U+010F (decimal 271)
   defining Unicode char U+0110 (decimal 272)
   defining Unicode char U+0111 (decimal 273)
   defining Unicode char U+0118 (decimal 280)
   defining Unicode char U+0119 (decimal 281)
   defining Unicode char U+011A (decimal 282)
   defining Unicode char U+011B (decimal 283)
   defining Unicode char U+011E (decimal 286)
   defining Unicode char U+011F (decimal 287)
   defining Unicode char U+0130 (decimal 304)
   defining Unicode char U+0131 (decimal 305)
   defining Unicode char U+0132 (decimal 306)
   defining Unicode char U+0133 (decimal 307)
   defining Unicode char U+0139 (decimal 313)
   defining Unicode char U+013A (decimal 314)
   defining Unicode char U+013D (decimal 317)
   defining Unicode char U+013E (decimal 318)
   defining Unicode char U+0141 (decimal 321)
   defining Unicode char U+0142 (decimal 322)
   defining Unicode char U+0143 (decimal 323)
   defining Unicode char U+0144 (decimal 324)
   defining Unicode char U+0147 (decimal 327)
   defining Unicode char U+0148 (decimal 328)
   defining Unicode char U+014A (decimal 330)
   defining Unicode char U+014B (decimal 331)
   defining Unicode char U+0150 (decimal 336)
   defining Unicode char U+0151 (decimal 337)
   defining Unicode char U+0152 (decimal 338)
   defining Unicode char U+0153 (decimal 339)
   defining Unicode char U+0154 (decimal 340)
   defining Unicode char U+0155 (decimal 341)
   defining Unicode char U+0158 (decimal 344)
   defining Unicode char U+0159 (decimal 345)
   defining Unicode char U+015A (decimal 346)
   defining Unicode char U+015B (decimal 347)
   defining Unicode char U+015E (decimal 350)
   defining Unicode char U+015F (decimal 351)
   defining Unicode char U+0160 (decimal 352)
   defining Unicode char U+0161 (decimal 353)
   defining Unicode char U+0162 (decimal 354)
   defining Unicode char U+0163 (decimal 355)
   defining Unicode char U+0164 (decimal 356)
   defining Unicode char U+0165 (decimal 357)
   defining Unicode char U+016E (decimal 366)
   defining Unicode char U+016F (decimal 367)
   defining Unicode char U+0170 (decimal 368)
   defining Unicode char U+0171 (decimal 369)
   defining Unicode char U+0178 (decimal 376)
   defining Unicode char U+0179 (decimal 377)
   defining Unicode char U+017A (decimal 378)
   defining Unicode char U+017B (decimal 379)
   defining Unicode char U+017C (decimal 380)
   defining Unicode char U+017D (decimal 381)
   defining Unicode char U+017E (decimal 382)
   defining Unicode char U+200C (decimal 8204)
   defining Unicode char U+2013 (decimal 8211)
   defining Unicode char U+2014 (decimal 8212)
   defining Unicode char U+2018 (decimal 8216)
   defining Unicode char U+2019 (decimal 8217)
   defining Unicode char U+201A (decimal 8218)
   defining Unicode char U+201C (decimal 8220)
   defining Unicode char U+201D (decimal 8221)
   defining Unicode char U+201E (decimal 8222)
   defining Unicode char U+2030 (decimal 8240)
   defining Unicode char U+2031 (decimal 8241)
   defining Unicode char U+2039 (decimal 8249)
   defining Unicode char U+203A (decimal 8250)
   defining Unicode char U+2423 (decimal 9251)
)
Now handling font encoding OT1 ...
... processing UTF-8 mapping file for font encoding OT1

(/usr/local/texlive/2015/texmf-dist/tex/latex/base/ot1enc.dfu
File: ot1enc.dfu 2014/09/29 v1.1m UTF-8 support for inputenc
   defining Unicode char U+00A1 (decimal 161)
   defining Unicode char U+00A3 (decimal 163)
   defining Unicode char U+00B8 (decimal 184)
   defining Unicode char U+00BF (decimal 191)
   defining Unicode char U+00C5 (decimal 197)
   defining Unicode char U+00C6 (decimal 198)
   defining Unicode char U+00D8 (decimal 216)
   defining Unicode char U+00DF (decimal 223)
   defining Unicode char U+00E6 (decimal 230)
   defining Unicode char U+00EC (decimal 236)
   defining Unicode char U+00ED (decimal 237)
   defining Unicode char U+00EE (decimal 238)
   defining Unicode char U+00EF (decimal 239)
   defining Unicode char U+00F8 (decimal 248)
   defining Unicode char U+0131 (decimal 305)
   defining Unicode char U+0141 (decimal 321)
   defining Unicode char U+0142 (decimal 322)
   defining Unicode char U+0152 (decimal 338)
   defining Unicode char U+0153 (decimal 339)
   defining Unicode char U+2013 (decimal 8211)
   defining Unicode char U+2014 (decimal 8212)
   defining Unicode char U+2018 (decimal 8216)
   defining Unicode char U+2019 (decimal 8217)
   defining Unicode char U+201C (decimal 8220)
   defining Unicode char U+201D (decimal 8221)
)
Now handling font encoding OMS ...
... processing UTF-8 mapping file for font encoding OMS

(/usr/local/texlive/2015/texmf-dist/tex/latex/base/omsenc.dfu
File: omsenc.dfu 2014/09/29 v1.1m UTF-8 support for inputenc
   defining Unicode char U+00A7 (decimal 167)
   defining Unicode char U+00B6 (decimal 182)
   defining Unicode char U+00B7 (decimal 183)
   defining Unicode char U+2020 (decimal 8224)
   defining Unicode char U+2021 (decimal 8225)
   defining Unicode char U+2022 (decimal 8226)
)
Now handling font encoding OMX ...
... no UTF-8 mapping file for font encoding OMX
Now handling font encoding U ...
... no UTF-8 mapping file for font encoding U
   defining Unicode char U+00A9 (decimal 169)
   defining Unicode char U+00AA (decimal 170)
   defining Unicode char U+00AE (decimal 174)
   defining Unicode char U+00BA (decimal 186)
   defining Unicode char U+02C6 (decimal 710)
   defining Unicode char U+02DC (decimal 732)
   defining Unicode char U+200C (decimal 8204)
   defining Unicode char U+2026 (decimal 8230)
   defining Unicode char U+2122 (decimal 8482)
   defining Unicode char U+2423 (decimal 9251)
))
(/usr/local/texlive/2015/texmf-dist/tex/latex/lipsum/lipsum.sty
Package: lipsum 2014/07/27 v1.3 150 paragraphs of Lorem Ipsum dummy text
\c@lips@count=\count93
)
(/usr/local/texlive/2015/texmf-dist/tex/latex/base/fontenc.sty
Package: fontenc 2005/09/27 v1.99g Standard LaTeX package

(/usr/local/texlive/2015/texmf-dist/tex/latex/base/t1enc.def
File: t1enc.def 2005/09/27 v1.99g Standard LaTeX file
LaTeX Font Info:    Redeclaring font encoding T1 on input line 48.
))

./TP1_heidsieck_laurent.tex:12: LaTeX Error: Option clash for package inputenc.


See the LaTeX manual or LaTeX Companion for explanation.
Type  H <return>  for immediate help.
 ...                                              
                                                  
l.12 
     
? r
OK, entering \nonstopmode...
(/usr/local/texlive/2015/texmf-dist/tex/latex/graphics/graphicx.sty
Package: graphicx 2014/10/28 v1.0g Enhanced LaTeX Graphics (DPC,SPQR)

(/usr/local/texlive/2015/texmf-dist/tex/latex/graphics/graphics.sty
Package: graphics 2014/10/28 v1.0p Standard LaTeX Graphics (DPC,SPQR)

(/usr/local/texlive/2015/texmf-dist/tex/latex/graphics/trig.sty
Package: trig 1999/03/16 v1.09 sin cos tan (DPC)
)
(/usr/local/texlive/2015/texmf-dist/tex/latex/latexconfig/graphics.cfg
File: graphics.cfg 2010/04/23 v1.9 graphics configuration of TeX Live
)
Package graphics Info: Driver file: pdftex.def on input line 94.

(/usr/local/texlive/2015/texmf-dist/tex/latex/pdftex-def/pdftex.def
File: pdftex.def 2011/05/27 v0.06d Graphics/color for pdfTeX

(/usr/local/texlive/2015/texmf-dist/tex/generic/oberdiek/infwarerr.sty
Package: infwarerr 2010/04/08 v1.3 Providing info/warning/error messages (HO)
)
(/usr/local/texlive/2015/texmf-dist/tex/generic/oberdiek/ltxcmds.sty
Package: ltxcmds 2011/11/09 v1.22 LaTeX kernel commands for general use (HO)
)
\Gread@gobject=\count94
))
\Gin@req@height=\dimen106
\Gin@req@width=\dimen107
)
(/usr/local/texlive/2015/texmf-dist/tex/latex/amsmath/amsmath.sty
Package: amsmath 2013/01/14 v2.14 AMS math features
\@mathmargin=\skip49

For additional information on amsmath, use the `?' option.
(/usr/local/texlive/2015/texmf-dist/tex/latex/amsmath/amstext.sty
Package: amstext 2000/06/29 v2.01

(/usr/local/texlive/2015/texmf-dist/tex/latex/amsmath/amsgen.sty
File: amsgen.sty 1999/11/30 v2.0
\@emptytoks=\toks17
\ex@=\dimen108
))
(/usr/local/texlive/2015/texmf-dist/tex/latex/amsmath/amsbsy.sty
Package: amsbsy 1999/11/29 v1.2d
\pmbraise@=\dimen109
)
(/usr/local/texlive/2015/texmf-dist/tex/latex/amsmath/amsopn.sty
Package: amsopn 1999/12/14 v2.01 operator names
)
\inf@bad=\count95
LaTeX Info: Redefining \frac on input line 210.
\uproot@=\count96
\leftroot@=\count97
LaTeX Info: Redefining \overline on input line 306.
\classnum@=\count98
\DOTSCASE@=\count99
LaTeX Info: Redefining \ldots on input line 378.
LaTeX Info: Redefining \dots on input line 381.
LaTeX Info: Redefining \cdots on input line 466.
\Mathstrutbox@=\box26
\strutbox@=\box27
\big@size=\dimen110
LaTeX Font Info:    Redeclaring font encoding OML on input line 566.
LaTeX Font Info:    Redeclaring font encoding OMS on input line 567.
\macc@depth=\count100
\c@MaxMatrixCols=\count101
\dotsspace@=\muskip10
\c@parentequation=\count102
\dspbrk@lvl=\count103
\tag@help=\toks18
\row@=\count104
\column@=\count105
\maxfields@=\count106
\andhelp@=\toks19
\eqnshift@=\dimen111
\alignsep@=\dimen112
\tagshift@=\dimen113
\tagwidth@=\dimen114
\totwidth@=\dimen115
\lineht@=\dimen116
\@envbody=\toks20
\multlinegap=\skip50
\multlinetaggap=\skip51
\mathdisplay@stack=\toks21
LaTeX Info: Redefining \[ on input line 2665.
LaTeX Info: Redefining \] on input line 2666.
)
(/usr/local/texlive/2015/texmf-dist/tex/latex/amsfonts/amssymb.sty
Package: amssymb 2013/01/14 v3.01 AMS font symbols

(/usr/local/texlive/2015/texmf-dist/tex/latex/amsfonts/amsfonts.sty
Package: amsfonts 2013/01/14 v3.01 Basic AMSFonts support
\symAMSa=\mathgroup4
\symAMSb=\mathgroup5
LaTeX Font Info:    Overwriting math alphabet `\mathfrak' in version `bold'
(Font)                  U/euf/m/n --> U/euf/b/n on input line 106.
))
(/usr/local/texlive/2015/texmf-dist/tex/latex/bbm-macros/bbm.sty
Package: bbm 1999/03/15 V 1.2 provides fonts for set symbols - TH
LaTeX Font Info:    Overwriting math alphabet `\mathbbm' in version `bold'
(Font)                  U/bbm/m/n --> U/bbm/bx/n on input line 33.
LaTeX Font Info:    Overwriting math alphabet `\mathbbmss' in version `bold'
(Font)                  U/bbmss/m/n --> U/bbmss/bx/n on input line 35.
)
(./TP1_heidsieck_laurent.aux)
\openout1 = `TP1_heidsieck_laurent.aux'.

LaTeX Font Info:    Checking defaults for OML/cmm/m/it on input line 23.
LaTeX Font Info:    ... okay on input line 23.
LaTeX Font Info:    Checking defaults for T1/cmr/m/n on input line 23.
LaTeX Font Info:    ... okay on input line 23.
LaTeX Font Info:    Checking defaults for OT1/cmr/m/n on input line 23.
LaTeX Font Info:    ... okay on input line 23.
LaTeX Font Info:    Checking defaults for OMS/cmsy/m/n on input line 23.
LaTeX Font Info:    ... okay on input line 23.
LaTeX Font Info:    Checking defaults for OMX/cmex/m/n on input line 23.
LaTeX Font Info:    ... okay on input line 23.
LaTeX Font Info:    Checking defaults for U/cmr/m/n on input line 23.
LaTeX Font Info:    ... okay on input line 23.
LaTeX Info: Redefining \degres on input line 23.
LaTeX Info: Redefining \dots on input line 23.
LaTeX Info: Redefining \up on input line 23.

(/usr/local/texlive/2015/texmf-dist/tex/context/base/supp-pdf.mkii
[Loading MPS to PDF converter (version 2006.09.02).]
\scratchcounter=\count107
\scratchdimen=\dimen117
\scratchbox=\box28
\nofMPsegments=\count108
\nofMParguments=\count109
\everyMPshowfont=\toks22
\MPscratchCnt=\count110
\MPscratchDim=\dimen118
\MPnumerator=\count111
\makeMPintoPDFobject=\count112
\everyMPtoPDFconversion=\toks23
) (/usr/local/texlive/2015/texmf-dist/tex/generic/oberdiek/pdftexcmds.sty
Package: pdftexcmds 2011/11/29 v0.20 Utility functions of pdfTeX for LuaTeX (HO
)

(/usr/local/texlive/2015/texmf-dist/tex/generic/oberdiek/ifluatex.sty
Package: ifluatex 2010/03/01 v1.3 Provides the ifluatex switch (HO)
Package ifluatex Info: LuaTeX not detected.
)
(/usr/local/texlive/2015/texmf-dist/tex/generic/oberdiek/ifpdf.sty
Package: ifpdf 2011/01/30 v2.3 Provides the ifpdf switch (HO)
Package ifpdf Info: pdfTeX in PDF mode is detected.
)
Package pdftexcmds Info: LuaTeX not detected.
Package pdftexcmds Info: \pdf@primitive is available.
Package pdftexcmds Info: \pdf@ifprimitive is available.
Package pdftexcmds Info: \pdfdraftmode found.
)
(/usr/local/texlive/2015/texmf-dist/tex/latex/oberdiek/epstopdf-base.sty
Package: epstopdf-base 2010/02/09 v2.5 Base part for package epstopdf

(/usr/local/texlive/2015/texmf-dist/tex/latex/oberdiek/grfext.sty
Package: grfext 2010/08/19 v1.1 Manage graphics extensions (HO)

(/usr/local/texlive/2015/texmf-dist/tex/generic/oberdiek/kvdefinekeys.sty
Package: kvdefinekeys 2011/04/07 v1.3 Define keys (HO)
))
(/usr/local/texlive/2015/texmf-dist/tex/latex/oberdiek/kvoptions.sty
Package: kvoptions 2011/06/30 v3.11 Key value format for package options (HO)

(/usr/local/texlive/2015/texmf-dist/tex/generic/oberdiek/kvsetkeys.sty
Package: kvsetkeys 2012/04/25 v1.16 Key value parser (HO)

(/usr/local/texlive/2015/texmf-dist/tex/generic/oberdiek/etexcmds.sty
Package: etexcmds 2011/02/16 v1.5 Avoid name clashes with e-TeX commands (HO)
Package etexcmds Info: Could not find \expanded.
(etexcmds)             That can mean that you are not using pdfTeX 1.50 or
(etexcmds)             that some package has redefined \expanded.
(etexcmds)             In the latter case, load this package earlier.
)))
Package grfext Info: Graphics extension search list:
(grfext)             [.png,.pdf,.jpg,.mps,.jpeg,.jbig2,.jb2,.PNG,.PDF,.JPG,.JPE
G,.JBIG2,.JB2,.eps]
(grfext)             \AppendGraphicsExtensions on input line 452.

(/usr/local/texlive/2015/texmf-dist/tex/latex/latexconfig/epstopdf-sys.cfg
File: epstopdf-sys.cfg 2010/07/13 v1.3 Configuration of (r)epstopdf for TeX Liv
e
))
<logo_utc.png, id=1, 2296.58pt x 1148.29pt>
File: logo_utc.png Graphic file (type png)
 <use logo_utc.png>
Package pdftex.def Info: logo_utc.png used on input line 32.
(pdftex.def)             Requested size: 137.78885pt x 68.89442pt.


./TP1_heidsieck_laurent.tex:49: Package inputenc Error: Keyboard character used
 is undefined
(inputenc)                in inputencoding `utf8'.

See the inputenc package documentation for explanation.
Type  H <return>  for immediate help.
 ...                                              
                                                  
l.49 {\Large {\bf Cé
                    cile HEIDSIECK et Simon LAURENT}}
You need to provide a definition with \DeclareInputText 
or \DeclareInputMath before using this key.

[1

{/usr/local/texlive/2015/texmf-var/fonts/map/pdftex/updmap/pdftex.map} <./logo_
utc.png>] [2] (./TP1_heidsieck_laurent.toc
LaTeX Font Info:    Try loading font information for U+msa on input line 3.

(/usr/local/texlive/2015/texmf-dist/tex/latex/amsfonts/umsa.fd
File: umsa.fd 2013/01/14 v3.01 AMS symbols A
)
LaTeX Font Info:    Try loading font information for U+msb on input line 3.

(/usr/local/texlive/2015/texmf-dist/tex/latex/amsfonts/umsb.fd
File: umsb.fd 2013/01/14 v3.01 AMS symbols B
))
\tf@toc=\write3
\openout3 = `TP1_heidsieck_laurent.toc'.

 [3

]
Chapitre 1.

./TP1_heidsieck_laurent.tex:80: Package inputenc Error: Keyboard character used
 is undefined
(inputenc)                in inputencoding `utf8'.

See the inputenc package documentation for explanation.
Type  H <return>  for immediate help.
 ...                                              
                                                  
l.80 Dans cette premiè
                      re partie, nous allons décrire les données du dataset ...

You need to provide a definition with \DeclareInputText 
or \DeclareInputMath before using this key.


./TP1_heidsieck_laurent.tex:80: Package inputenc Error: Keyboard character used
 is undefined
(inputenc)                in inputencoding `utf8'.

See the inputenc package documentation for explanation.
Type  H <return>  for immediate help.
 ...                                              
                                                  
l.80 Dans cette première partie, nous allons dé
                                               crire les données du dataset ...

You need to provide a definition with \DeclareInputText 
or \DeclareInputMath before using this key.


./TP1_heidsieck_laurent.tex:80: Package inputenc Error: Keyboard character used
 is undefined
(inputenc)                in inputencoding `utf8'.

See the inputenc package documentation for explanation.
Type  H <return>  for immediate help.
 ...                                              
                                                  
l.80 ...ière partie, nous allons décrire les donné
                                                  es du dataset Notes:
You need to provide a definition with \DeclareInputText 
or \DeclareInputMath before using this key.


./TP1_heidsieck_laurent.tex:81: Package inputenc Error: Keyboard character used
 is undefined
(inputenc)                in inputencoding `utf8'.

See the inputenc package documentation for explanation.
Type  H <return>  for immediate help.
 ...                                              
                                                  
l.81 ...variables, le dataset à un volume de 296.}
                                                  \\
You need to provide a definition with \DeclareInputText 
or \DeclareInputMath before using this key.


./TP1_heidsieck_laurent.tex:81: Package inputenc Error: Keyboard character used
 is undefined
(inputenc)                in inputencoding `utf8'.

See the inputenc package documentation for explanation.
Type  H <return>  for immediate help.
 ...                                              
                                                  
l.81 ...variables, le dataset à un volume de 296.}
                                                  \\
You need to provide a definition with \DeclareInputText 
or \DeclareInputMath before using this key.


./TP1_heidsieck_laurent.tex:81: Package inputenc Error: Keyboard character used
 is undefined
(inputenc)                in inputencoding `utf8'.

See the inputenc package documentation for explanation.
Type  H <return>  for immediate help.
 ...                                              
                                                  
l.81 ...variables, le dataset à un volume de 296.}
                                                  \\
You need to provide a definition with \DeclareInputText 
or \DeclareInputMath before using this key.


./TP1_heidsieck_laurent.tex:83: Package inputenc Error: Keyboard character used
 is undefined
(inputenc)                in inputencoding `utf8'.

See the inputenc package documentation for explanation.
Type  H <return>  for immediate help.
 ...                                              
                                                  
l.83 ... : variable qualitative nominale, modalité
                                                  s "EtuX" avec X un chiffre ;
You need to provide a definition with \DeclareInputText 
or \DeclareInputMath before using this key.


./TP1_heidsieck_laurent.tex:84: Package inputenc Error: Keyboard character used
 is undefined
(inputenc)                in inputencoding `utf8'.

See the inputenc package documentation for explanation.
Type  H <return>  for immediate help.
 ...                                              
                                                  
l.84 \item spé
              cialité : variable qualitative nominale, modalités GB, GI, GM,...

You need to provide a definition with \DeclareInputText 
or \DeclareInputMath before using this key.


./TP1_heidsieck_laurent.tex:84: Package inputenc Error: Keyboard character used
 is undefined
(inputenc)                in inputencoding `utf8'.

See the inputenc package documentation for explanation.
Type  H <return>  for immediate help.
 ...                                              
                                                  
l.84 \item spécialité
                      : variable qualitative nominale, modalités GB, GI, GM,...

You need to provide a definition with \DeclareInputText 
or \DeclareInputMath before using this key.


./TP1_heidsieck_laurent.tex:84: Package inputenc Error: Keyboard character used
 is undefined
(inputenc)                in inputencoding `utf8'.

See the inputenc package documentation for explanation.
Type  H <return>  for immediate help.
 ...                                              
                                                  
l.84 ... : variable qualitative nominale, modalité
                                                  s GB, GI, GM, GSM, GP, GSU...

You need to provide a definition with \DeclareInputText 
or \DeclareInputMath before using this key.


./TP1_heidsieck_laurent.tex:85: Package inputenc Error: Keyboard character used
 is undefined
(inputenc)                in inputencoding `utf8'.

See the inputenc package documentation for explanation.
Type  H <return>  for immediate help.
 ...                                              
                                                  
l.85 \item niveau : variable quantitative discrè
                                                te, modalités 1..6 ;
You need to provide a definition with \DeclareInputText 
or \DeclareInputMath before using this key.


./TP1_heidsieck_laurent.tex:85: Package inputenc Error: Keyboard character used
 is undefined
(inputenc)                in inputencoding `utf8'.

See the inputenc package documentation for explanation.
Type  H <return>  for immediate help.
 ...                                              
                                                  
l.85 ...: variable quantitative discrète, modalité
                                                  s 1..6 ;
You need to provide a definition with \DeclareInputText 
or \DeclareInputMath before using this key.


./TP1_heidsieck_laurent.tex:86: Package inputenc Error: Keyboard character used
 is undefined
(inputenc)                in inputencoding `utf8'.

See the inputenc package documentation for explanation.
Type  H <return>  for immediate help.
 ...                                              
                                                  
l.86 ... : variable qualitative nominale, modalité
                                                  s : Échange, UTC;
You need to provide a definition with \DeclareInputText 
or \DeclareInputMath before using this key.


./TP1_heidsieck_laurent.tex:86: Package inputenc Error: Keyboard character used
 is undefined
(inputenc)                in inputencoding `utf8'.

See the inputenc package documentation for explanation.
Type  H <return>  for immediate help.
 ...                                              
                                                  
l.86 ...riable qualitative nominale, modalités : É
                                                  change, UTC;
You need to provide a definition with \DeclareInputText 
or \DeclareInputMath before using this key.


./TP1_heidsieck_laurent.tex:87: Package inputenc Error: Keyboard character used
 is undefined
(inputenc)                in inputencoding `utf8'.

See the inputenc package documentation for explanation.
Type  H <return>  for immediate help.
 ...                                              
                                                  
l.87 \item dernier diplô
                        me obtenu : variable qualitative nominale, 12 modali...

You need to provide a definition with \DeclareInputText 
or \DeclareInputMath before using this key.


./TP1_heidsieck_laurent.tex:87: Package inputenc Error: Keyboard character used
 is undefined
(inputenc)                in inputencoding `utf8'.

See the inputenc package documentation for explanation.
Type  H <return>  for immediate help.
 ...                                              
                                                  
l.87 ...variable qualitative nominale, 12 modalité
                                                  s avec certaines en N/A;
You need to provide a definition with \DeclareInputText 
or \DeclareInputMath before using this key.


./TP1_heidsieck_laurent.tex:88: Package inputenc Error: Keyboard character used
 is undefined
(inputenc)                in inputencoding `utf8'.

See the inputenc package documentation for explanation.
Type  H <return>  for immediate help.
 ...                                              
                                                  
l.88 \item note mé
                  dian, note finale, note totale : variable quantitative con...

You need to provide a definition with \DeclareInputText 
or \DeclareInputMath before using this key.


./TP1_heidsieck_laurent.tex:88: Package inputenc Error: Keyboard character used
 is undefined
(inputenc)                in inputencoding `utf8'.

See the inputenc package documentation for explanation.
Type  H <return>  for immediate help.
 ...                                              
                                                  
l.88 ... : variable quantitative continu, modalité
                                                  s entre 0 et 20;
You need to provide a definition with \DeclareInputText 
or \DeclareInputMath before using this key.


./TP1_heidsieck_laurent.tex:89: Package inputenc Error: Keyboard character used
 is undefined
(inputenc)                in inputencoding `utf8'.

See the inputenc package documentation for explanation.
Type  H <return>  for immediate help.
 ...                                              
                                                  
l.89 \item correcteur mé
                        dian, correcteur final : variable qualitative nomina...

You need to provide a definition with \DeclareInputText 
or \DeclareInputMath before using this key.


./TP1_heidsieck_laurent.tex:89: Package inputenc Error: Keyboard character used
 is undefined
(inputenc)                in inputencoding `utf8'.

See the inputenc package documentation for explanation.
Type  H <return>  for immediate help.
 ...                                              
                                                  
l.89 ... : variable qualitative nominale, modalité
                                                  s "CorX" avec X un chiffre;
You need to provide a definition with \DeclareInputText 
or \DeclareInputMath before using this key.


./TP1_heidsieck_laurent.tex:90: Package inputenc Error: Keyboard character used
 is undefined
(inputenc)                in inputencoding `utf8'.

See the inputenc package documentation for explanation.
Type  H <return>  for immediate help.
 ...                                              
                                                  
l.90 \item ré
             sultat : qualitative ordinale, modalités A>B>C>D>E>Fx>F
You need to provide a definition with \DeclareInputText 
or \DeclareInputMath before using this key.


./TP1_heidsieck_laurent.tex:90: Package inputenc Error: Keyboard character used
 is undefined
(inputenc)                in inputencoding `utf8'.

See the inputenc package documentation for explanation.
Type  H <return>  for immediate help.
 ...                                              
                                                  
l.90 ... résultat : qualitative ordinale, modalité
                                                  s A>B>C>D>E>Fx>F
You need to provide a definition with \DeclareInputText 
or \DeclareInputMath before using this key.


./TP1_heidsieck_laurent.tex:95: Package inputenc Error: Keyboard character used
 is undefined
(inputenc)                in inputencoding `utf8'.

See the inputenc package documentation for explanation.
Type  H <return>  for immediate help.
 ...                                              
                                                  
l.95 Les valeurs nulles pour les notes du mé
                                            dian et du final sont des absenc...

You need to provide a definition with \DeclareInputText 
or \DeclareInputMath before using this key.


./TP1_heidsieck_laurent.tex:95: Package inputenc Error: Keyboard character used
 is undefined
(inputenc)                in inputencoding `utf8'.

See the inputenc package documentation for explanation.
Type  H <return>  for immediate help.
 ...                                              
                                                  
l.95 ...Quant au NAs pour la note finale et les ré
                                                  sultats sont la conséquenc...

You need to provide a definition with \DeclareInputText 
or \DeclareInputMath before using this key.


./TP1_heidsieck_laurent.tex:95: Package inputenc Error: Keyboard character used
 is undefined
(inputenc)                in inputencoding `utf8'.

See the inputenc package documentation for explanation.
Type  H <return>  for immediate help.
 ...                                              
                                                  
l.95 ...note finale et les résultats sont la consé
                                                  quence des unions des vale...

You need to provide a definition with \DeclareInputText 
or \DeclareInputMath before using this key.


./TP1_heidsieck_laurent.tex:95: Package inputenc Error: Keyboard character used
 is undefined
(inputenc)                in inputencoding `utf8'.

See the inputenc package documentation for explanation.
Type  H <return>  for immediate help.
 ...                                              
                                                  
l.95 ...ulles. Par ailleurs, on remarque que les é
                                                  tudiants étrangers ne disp...

You need to provide a definition with \DeclareInputText 
or \DeclareInputMath before using this key.


./TP1_heidsieck_laurent.tex:95: Package inputenc Error: Keyboard character used
 is undefined
(inputenc)                in inputencoding `utf8'.

See the inputenc package documentation for explanation.
Type  H <return>  for immediate help.
 ...                                              
                                                  
l.95 ... ailleurs, on remarque que les étudiants é
                                                  trangers ne disposent pas ...

You need to provide a definition with \DeclareInputText 
or \DeclareInputMath before using this key.


./TP1_heidsieck_laurent.tex:95: Package inputenc Error: Keyboard character used
 is undefined
(inputenc)                in inputencoding `utf8'.

See the inputenc package documentation for explanation.
Type  H <return>  for immediate help.
 ...                                              
                                                  
l.95 ...trangers ne disposent pas de dernier diplô
                                                  me obtenu et que leur résu...

You need to provide a definition with \DeclareInputText 
or \DeclareInputMath before using this key.


./TP1_heidsieck_laurent.tex:95: Package inputenc Error: Keyboard character used
 is undefined
(inputenc)                in inputencoding `utf8'.

See the inputenc package documentation for explanation.
Type  H <return>  for immediate help.
 ...                                              
                                                  
l.95 ...s de dernier diplôme obtenu et que leur ré
                                                  sultat est souvent NA ou F...

You need to provide a definition with \DeclareInputText 
or \DeclareInputMath before using this key.


./TP1_heidsieck_laurent.tex:96: Package inputenc Error: Keyboard character used
 is undefined
(inputenc)                in inputencoding `utf8'.

See the inputenc package documentation for explanation.
Type  H <return>  for immediate help.
 ...                                              
                                                  
l.96 ...ue l'on se pose est "existe t il une corré
                                                  lation entre les notes du ...

You need to provide a definition with \DeclareInputText 
or \DeclareInputMath before using this key.


./TP1_heidsieck_laurent.tex:96: Package inputenc Error: Keyboard character used
 is undefined
(inputenc)                in inputencoding `utf8'.

See the inputenc package documentation for explanation.
Type  H <return>  for immediate help.
 ...                                              
                                                  
l.96 ...t il une corrélation entre les notes du mé
                                                  dian et du final ?". Le ré...

You need to provide a definition with \DeclareInputText 
or \DeclareInputMath before using this key.


./TP1_heidsieck_laurent.tex:96: Package inputenc Error: Keyboard character used
 is undefined
(inputenc)                in inputencoding `utf8'.

See the inputenc package documentation for explanation.
Type  H <return>  for immediate help.
 ...                                              
                                                  
l.96 ... les notes du médian et du final ?". Le ré
                                                  sultat est le suivant \bol...

You need to provide a definition with \DeclareInputText 
or \DeclareInputMath before using this key.


Package amsfonts Warning: Obsolete command \bold; \mathbf should be used instea
d on input line 96.


./TP1_heidsieck_laurent.tex:96: LaTeX Error: \mathbf allowed only in math mode.


See the LaTeX manual or LaTeX Companion for explanation.
Type  H <return>  for immediate help.
 ...                                              
                                                  
l.96 ...e résultat est le suivant \bold{0.3861882}
                                                  . Ceci montre qu'il y a un...

You're in trouble here.  Try typing  <return>  to proceed.
If that doesn't work, type  X <return>  to quit.


./TP1_heidsieck_laurent.tex:96: Package inputenc Error: Keyboard character used
 is undefined
(inputenc)                in inputencoding `utf8'.

See the inputenc package documentation for explanation.
Type  H <return>  for immediate help.
 ...                                              
                                                  
l.96 ...2}. Ceci montre qu'il y a une faible corré
                                                  lation entre la réussite d...

You need to provide a definition with \DeclareInputText 
or \DeclareInputMath before using this key.


./TP1_heidsieck_laurent.tex:96: Package inputenc Error: Keyboard character used
 is undefined
(inputenc)                in inputencoding `utf8'.

See the inputenc package documentation for explanation.
Type  H <return>  for immediate help.
 ...                                              
                                                  
l.96 ...'il y a une faible corrélation entre la ré
                                                  ussite d'un médian et d'un...

You need to provide a definition with \DeclareInputText 
or \DeclareInputMath before using this key.


./TP1_heidsieck_laurent.tex:96: Package inputenc Error: Keyboard character used
 is undefined
(inputenc)                in inputencoding `utf8'.

See the inputenc package documentation for explanation.
Type  H <return>  for immediate help.
 ...                                              
                                                  
l.96 ...ible corrélation entre la réussite d'un mé
                                                  dian et d'un final.
You need to provide a definition with \DeclareInputText 
or \DeclareInputMath before using this key.

[4

]

./TP1_heidsieck_laurent.tex:103: Package inputenc Error: Keyboard character use
d is undefined
(inputenc)                in inputencoding `utf8'.

See the inputenc package documentation for explanation.
Type  H <return>  for immediate help.
 ...                                              
                                                  
l.103 Dans cette seconde partie, nous allons é
                                              tudier les liens statistiques ...

You need to provide a definition with \DeclareInputText 
or \DeclareInputMath before using this key.


./TP1_heidsieck_laurent.tex:104: Package inputenc Error: Keyboard character use
d is undefined
(inputenc)                in inputencoding `utf8'.

See the inputenc package documentation for explanation.
Type  H <return>  for immediate help.
 ...                                              
                                                  
l.104 ...{fig:gradeDensity} montre que 80\% des ré
                                                  sultats de SY02 se situent...

You need to provide a definition with \DeclareInputText 
or \DeclareInputMath before using this key.


./TP1_heidsieck_laurent.tex:104: Package inputenc Error: Keyboard character use
d is undefined
(inputenc)                in inputencoding `utf8'.

See the inputenc package documentation for explanation.
Type  H <return>  for immediate help.
 ...                                              
                                                  
l.104 ...2 se situent entre 10 et 15. Nous avons é
                                                  galement un pic à 7.5. Ce ...

You need to provide a definition with \DeclareInputText 
or \DeclareInputMath before using this key.


./TP1_heidsieck_laurent.tex:104: Package inputenc Error: Keyboard character use
d is undefined
(inputenc)                in inputencoding `utf8'.

See the inputenc package documentation for explanation.
Type  H <return>  for immediate help.
 ...                                              
                                                  
l.104 ...e 10 et 15. Nous avons également un pic à
                                                   7.5. Ce qui correspond à ...

You need to provide a definition with \DeclareInputText 
or \DeclareInputMath before using this key.


./TP1_heidsieck_laurent.tex:104: Package inputenc Error: Keyboard character use
d is undefined
(inputenc)                in inputencoding `utf8'.

See the inputenc package documentation for explanation.
Type  H <return>  for immediate help.
 ...                                              
                                                  
l.104 ...alement un pic à 7.5. Ce qui correspond à
                                                   un ensemble de personnes ...

You need to provide a definition with \DeclareInputText 
or \DeclareInputMath before using this key.


./TP1_heidsieck_laurent.tex:104: Package inputenc Error: Keyboard character use
d is undefined
(inputenc)                in inputencoding `utf8'.

See the inputenc package documentation for explanation.
Type  H <return>  for immediate help.
 ...                                              
                                                  
l.104 ... un ensemble de personnes ayant rencontré
                                                  es les mêmes difficultés a...

You need to provide a definition with \DeclareInputText 
or \DeclareInputMath before using this key.


./TP1_heidsieck_laurent.tex:104: Package inputenc Error: Keyboard character use
d is undefined
(inputenc)                in inputencoding `utf8'.

See the inputenc package documentation for explanation.
Type  H <return>  for immediate help.
 ...                                              
                                                  
l.104 ...ble de personnes ayant rencontrées les mê
                                                  mes difficultés au sein de...

You need to provide a definition with \DeclareInputText 
or \DeclareInputMath before using this key.


./TP1_heidsieck_laurent.tex:104: Package inputenc Error: Keyboard character use
d is undefined
(inputenc)                in inputencoding `utf8'.

See the inputenc package documentation for explanation.
Type  H <return>  for immediate help.
 ...                                              
                                                  
l.104 ...es ayant rencontrées les mêmes difficulté
                                                  s au sein de l'UV. Le grap...

You need to provide a definition with \DeclareInputText 
or \DeclareInputMath before using this key.


./TP1_heidsieck_laurent.tex:104: Package inputenc Error: Keyboard character use
d is undefined
(inputenc)                in inputencoding `utf8'.

See the inputenc package documentation for explanation.
Type  H <return>  for immediate help.
 ...                                              
                                                  
l.104 ...e l'UV. Le graphe \ref{fig:NiveauNote} dé
                                                  montre clairement que plus...

You need to provide a definition with \DeclareInputText 
or \DeclareInputMath before using this key.


./TP1_heidsieck_laurent.tex:104: Package inputenc Error: Keyboard character use
d is undefined
(inputenc)                in inputencoding `utf8'.

See the inputenc package documentation for explanation.
Type  H <return>  for immediate help.
 ...                                              
                                                  
l.104 ...ontre clairement que plus le niveau des é
                                                  tudiants est élevé, plus l...

You need to provide a definition with \DeclareInputText 
or \DeclareInputMath before using this key.


./TP1_heidsieck_laurent.tex:104: Package inputenc Error: Keyboard character use
d is undefined
(inputenc)                in inputencoding `utf8'.

See the inputenc package documentation for explanation.
Type  H <return>  for immediate help.
 ...                                              
                                                  
l.104 ...nt que plus le niveau des étudiants est é
                                                  levé, plus les résultats e...

You need to provide a definition with \DeclareInputText 
or \DeclareInputMath before using this key.


./TP1_heidsieck_laurent.tex:104: Package inputenc Error: Keyboard character use
d is undefined
(inputenc)                in inputencoding `utf8'.

See the inputenc package documentation for explanation.
Type  H <return>  for immediate help.
 ...                                              
                                                  
l.104 ...ue plus le niveau des étudiants est élevé
                                                  , plus les résultats en SY...

You need to provide a definition with \DeclareInputText 
or \DeclareInputMath before using this key.


./TP1_heidsieck_laurent.tex:104: Package inputenc Error: Keyboard character use
d is undefined
(inputenc)                in inputencoding `utf8'.

See the inputenc package documentation for explanation.
Type  H <return>  for immediate help.
 ...                                              
                                                  
l.104 ...veau des étudiants est élevé, plus les ré
                                                  sultats en SY02 diminue. D...

You need to provide a definition with \DeclareInputText 
or \DeclareInputMath before using this key.


./TP1_heidsieck_laurent.tex:104: Package inputenc Error: Keyboard character use
d is undefined
(inputenc)                in inputencoding `utf8'.

See the inputenc package documentation for explanation.
Type  H <return>  for immediate help.
 ...                                              
                                                  
l.104 ...plus les résultats en SY02 diminue. De mê
                                                  me, avec le graphe \ref{fi...

You need to provide a definition with \DeclareInputText 
or \DeclareInputMath before using this key.


./TP1_heidsieck_laurent.tex:104: Package inputenc Error: Keyboard character use
d is undefined
(inputenc)                in inputencoding `utf8'.

See the inputenc package documentation for explanation.
Type  H <return>  for immediate help.
 ...                                              
                                                  
l.104 ...f{fig:SpecNote} nous constatons que les é
                                                  tudiants en TC assistant a...

You need to provide a definition with \DeclareInputText 
or \DeclareInputMath before using this key.


./TP1_heidsieck_laurent.tex:104: Package inputenc Error: Keyboard character use
d is undefined
(inputenc)                in inputencoding `utf8'.

See the inputenc package documentation for explanation.
Type  H <return>  for immediate help.
 ...                                              
                                                  
l.104 ...ours de SY02, font parti des meilleurs ré
                                                  sultats. En revanche les I...

You need to provide a definition with \DeclareInputText 
or \DeclareInputMath before using this key.


./TP1_heidsieck_laurent.tex:104: Package inputenc Error: Keyboard character use
d is undefined
(inputenc)                in inputencoding `utf8'.

See the inputenc package documentation for explanation.
Type  H <return>  for immediate help.
 ...                                              
                                                  
l.104 ...lus mauvais. Sachant que ISS correspond à
                                                   une fin d'étude et un TC ...

You need to provide a definition with \DeclareInputText 
or \DeclareInputMath before using this key.


./TP1_heidsieck_laurent.tex:104: Package inputenc Error: Keyboard character use
d is undefined
(inputenc)                in inputencoding `utf8'.

See the inputenc package documentation for explanation.
Type  H <return>  for immediate help.
 ...                                              
                                                  
l.104 ... Sachant que ISS correspond à une fin d'é
                                                  tude et un TC à un début, ...

You need to provide a definition with \DeclareInputText 
or \DeclareInputMath before using this key.


./TP1_heidsieck_laurent.tex:104: Package inputenc Error: Keyboard character use
d is undefined
(inputenc)                in inputencoding `utf8'.

See the inputenc package documentation for explanation.
Type  H <return>  for immediate help.
 ...                                              
                                                  
l.104 ...S correspond à une fin d'étude et un TC à
                                                   un début, cela souligne c...

You need to provide a definition with \DeclareInputText 
or \DeclareInputMath before using this key.


./TP1_heidsieck_laurent.tex:104: Package inputenc Error: Keyboard character use
d is undefined
(inputenc)                in inputencoding `utf8'.

See the inputenc package documentation for explanation.
Type  H <return>  for immediate help.
 ...                                              
                                                  
l.104 ...espond à une fin d'étude et un TC à un dé
                                                  but, cela souligne ce que ...

You need to provide a definition with \DeclareInputText 
or \DeclareInputMath before using this key.


./TP1_heidsieck_laurent.tex:104: Package inputenc Error: Keyboard character use
d is undefined
(inputenc)                in inputencoding `utf8'.

See the inputenc package documentation for explanation.
Type  H <return>  for immediate help.
 ...                                              
                                                  
l.104 ... début, cela souligne ce que nous avons é
                                                  noncé par avant concernant...

You need to provide a definition with \DeclareInputText 
or \DeclareInputMath before using this key.


./TP1_heidsieck_laurent.tex:104: Package inputenc Error: Keyboard character use
d is undefined
(inputenc)                in inputencoding `utf8'.

See the inputenc package documentation for explanation.
Type  H <return>  for immediate help.
 ...                                              
                                                  
l.104 ...t, cela souligne ce que nous avons énoncé
                                                   par avant concernant l'in...

You need to provide a definition with \DeclareInputText 
or \DeclareInputMath before using this key.


LaTeX Warning: Reference `fig:CorrecteurNote)' on page 5 undefined on input lin
e 104.


./TP1_heidsieck_laurent.tex:104: Package inputenc Error: Keyboard character use
d is undefined
(inputenc)                in inputencoding `utf8'.

See the inputenc package documentation for explanation.
Type  H <return>  for immediate help.
 ...                                              
                                                  
l.104 ...ligne que les correcteurs 3, 4, 6 et 7 dé
                                                  placent les résultats de f...

You need to provide a definition with \DeclareInputText 
or \DeclareInputMath before using this key.


./TP1_heidsieck_laurent.tex:104: Package inputenc Error: Keyboard character use
d is undefined
(inputenc)                in inputencoding `utf8'.

See the inputenc package documentation for explanation.
Type  H <return>  for immediate help.
 ...                                              
                                                  
l.104 ...correcteurs 3, 4, 6 et 7 déplacent les ré
                                                  sultats de façons signific...

You need to provide a definition with \DeclareInputText 
or \DeclareInputMath before using this key.


./TP1_heidsieck_laurent.tex:104: Package inputenc Error: Keyboard character use
d is undefined
(inputenc)                in inputencoding `utf8'.

See the inputenc package documentation for explanation.
Type  H <return>  for immediate help.
 ...                                              
                                                  
l.104 ... 4, 6 et 7 déplacent les résultats de faç
                                                  ons significatives.
You need to provide a definition with \DeclareInputText 
or \DeclareInputMath before using this key.

[5]

./TP1_heidsieck_laurent.tex:118: Package inputenc Error: Keyboard character use
d is undefined
(inputenc)                in inputencoding `utf8'.

See the inputenc package documentation for explanation.
Type  H <return>  for immediate help.
 ...                                              
                                                  
l.118 \caption{densité des notes en SY02}
                                         
You need to provide a definition with \DeclareInputText 
or \DeclareInputMath before using this key.

<../images/gradeDensity.png, id=29, 638.385pt x 420.57124pt>
File: ../images/gradeDensity.png Graphic file (type png)

<use ../images/gradeDensity.png>
Package pdftex.def Info: ../images/gradeDensity.png used on input line 120.
(pdftex.def)             Requested size: 319.19171pt x 210.28511pt.

<../images/influenceNoteNiveau.png, id=30, 638.385pt x 420.57124pt>
File: ../images/influenceNoteNiveau.png Graphic file (type png)

<use ../images/influenceNoteNiveau.png>
Package pdftex.def Info: ../images/influenceNoteNiveau.png used on input line 1
28.
(pdftex.def)             Requested size: 319.19171pt x 210.28511pt.


LaTeX Warning: `h' float specifier changed to `ht'.


./TP1_heidsieck_laurent.tex:134: Package inputenc Error: Keyboard character use
d is undefined
(inputenc)                in inputencoding `utf8'.

See the inputenc package documentation for explanation.
Type  H <return>  for immediate help.
 ...                                              
                                                  
l.134 ...nce de la spécialité sur la note en SY02}
                                                  
You need to provide a definition with \DeclareInputText 
or \DeclareInputMath before using this key.


./TP1_heidsieck_laurent.tex:134: Package inputenc Error: Keyboard character use
d is undefined
(inputenc)                in inputencoding `utf8'.

See the inputenc package documentation for explanation.
Type  H <return>  for immediate help.
 ...                                              
                                                  
l.134 ...nce de la spécialité sur la note en SY02}
                                                  
You need to provide a definition with \DeclareInputText 
or \DeclareInputMath before using this key.

<../images/influenceNoteSpec.png, id=31, 638.385pt x 420.57124pt>
File: ../images/influenceNoteSpec.png Graphic file (type png)

<use ../images/influenceNoteSpec.png>
Package pdftex.def Info: ../images/influenceNoteSpec.png used on input line 136
.
(pdftex.def)             Requested size: 319.19171pt x 210.28511pt.


LaTeX Warning: `h' float specifier changed to `ht'.

<../images/influenceNoteCorrecteur.png, id=32, 638.385pt x 420.57124pt>
File: ../images/influenceNoteCorrecteur.png Graphic file (type png)

<use ../images/influenceNoteCorrecteur.png>
Package pdftex.def Info: ../images/influenceNoteCorrecteur.png used on input li
ne 143.
(pdftex.def)             Requested size: 319.19171pt x 210.28511pt.


LaTeX Warning: `h' float specifier changed to `ht'.

[6 <../images/gradeDensity.png>] [7 <../images/influenceNoteNiveau.png> <../ima
ges/influenceNoteSpec.png>] [8 <../images/influenceNoteCorrecteur.png>]
(./TP1_heidsieck_laurent.aux)

LaTeX Warning: There were undefined references.


LaTeX Warning: Label(s) may have changed. Rerun to get cross-references right.

 ) 
Here is how much of TeX's memory you used:
 4115 strings out of 493089
 54047 string characters out of 6134841
 216486 words of memory out of 5000000
 7512 multiletter control sequences out of 15000+600000
 16639 words of font info for 43 fonts, out of 8000000 for 9000
 1141 hyphenation exceptions out of 8191
 38i,6n,30p,909b,439s stack positions out of 5000i,500n,10000p,200000b,80000s
{/usr/local/texlive/2015/texmf-dist/fonts/enc/dvips/cm-super/cm-super-t1.enc}
</usr/local/texlive/2015/texmf-dist/fonts/type1/public/cm-super/sfbx1200.pfb></
usr/local/texlive/2015/texmf-dist/fonts/type1/public/cm-super/sfbx1440.pfb></us
r/local/texlive/2015/texmf-dist/fonts/type1/public/cm-super/sfbx1728.pfb></usr/
local/texlive/2015/texmf-dist/fonts/type1/public/cm-super/sfbx2488.pfb></usr/lo
cal/texlive/2015/texmf-dist/fonts/type1/public/cm-super/sfcc1200.pfb></usr/loca
l/texlive/2015/texmf-dist/fonts/type1/public/cm-super/sfrm1200.pfb></usr/local/
texlive/2015/texmf-dist/fonts/type1/public/cm-super/sfrm1440.pfb></usr/local/te
xlive/2015/texmf-dist/fonts/type1/public/cm-super/sfsl1200.pfb></usr/local/texl
ive/2015/texmf-dist/fonts/type1/public/cm-super/sfti1200.pfb>
Output written on TP1_heidsieck_laurent.pdf (8 pages, 350898 bytes).
PDF statistics:
 79 PDF objects out of 1000 (max. 8388607)
 49 compressed objects within 1 object stream
 0 named destinations out of 1000 (max. 500000)
 26 words of extra memory for PDF output out of 10000 (max. 10000000)

